<?xml version="1.0" encoding="UTF-8"?>
<!-- Generated by org.testng.reporters.JUnitXMLReporter -->
<testsuite ignored="1" hostname="DESKTOP-QEC3EIB" failures="0" tests="6" name="Test" time="54.975" errors="0" timestamp="2025-07-15T20:24:34 IST">
  <testcase classname="testCases.ErrorTestScenarios_LoginPage" name="loginWithLockedUser" time="33.493"/>
  <testcase classname="testCases.LoginLogoutEndToEnd_TestCases" name="loginToApplication" time="1.394"/>
  <testcase classname="testCases.LoginLogoutEndToEnd_TestCases" name="verifyProductPageTitle" time="0.076"/>
  <testcase classname="testCases.LoginLogoutEndToEnd_TestCases" name="verifyDowndownValuesOfSortOnProductsPage" time="0.284"/>
  <testcase classname="testCases.LoginLogoutEndToEnd_TestCases" name="selectDowndownValues" time="0.339"/>
  <testcase classname="testCases.LoginLogoutEndToEnd_TestCases" name="logoutFromoApplication" time="0.423"/>
  <testcase classname="testCases.ErrorTestScenarios_LoginPage" name="loginWithLockedUserFailureTest" time="0.0">
    <ignored/>
  </testcase> <!-- loginWithLockedUserFailureTest -->
</testsuite> <!-- Test -->
