<?xml version="1.0" encoding="UTF-8"?>
<testng-results ignored="1" total="7" passed="6" failed="0" skipped="0">
  <reporter-output>
  </reporter-output>
  <suite started-at="2025-07-15T20:23:38 IST" name="Suite" finished-at="2025-07-15T20:24:33 IST" duration-ms="54975">
    <groups>
    </groups>
    <test started-at="2025-07-15T20:23:38 IST" name="Test" finished-at="2025-07-15T20:24:33 IST" duration-ms="54975">
      <class name="testCases.ErrorTestScenarios_LoginPage">
        <test-method is-config="true" signature="setup()[pri:0, instance:testCases.ErrorTestScenarios_LoginPage@5dafbe45]" started-at="2025-07-15T20:23:39 IST" name="setup" finished-at="2025-07-15T20:23:49 IST" duration-ms="9576" status="PASS">
          <reporter-output>
          </reporter-output>
        </test-method> <!-- setup -->
        <test-method is-config="true" signature="initPageObjects()[pri:0, instance:testCases.ErrorTestScenarios_LoginPage@5dafbe45]" started-at="2025-07-15T20:23:49 IST" name="initPageObjects" finished-at="2025-07-15T20:23:49 IST" duration-ms="127" status="PASS">
          <reporter-output>
          </reporter-output>
        </test-method> <!-- initPageObjects -->
        <test-method signature="loginWithLockedUser(java.lang.String,java.lang.String)[pri:0, instance:testCases.ErrorTestScenarios_LoginPage@5dafbe45]" started-at="2025-07-15T20:23:49 IST" name="loginWithLockedUser" finished-at="2025-07-15T20:24:23 IST" duration-ms="33493" status="PASS">
          <params>
            <param index="0">
              <value>
                <![CDATA[locked_out_user]]>
              </value>
            </param>
            <param index="1">
              <value>
                <![CDATA[secret_sauce]]>
              </value>
            </param>
          </params>
          <reporter-output>
          </reporter-output>
        </test-method> <!-- loginWithLockedUser -->
        <test-method is-config="true" signature="closeBrowser()[pri:0, instance:testCases.ErrorTestScenarios_LoginPage@5dafbe45]" started-at="2025-07-15T20:24:23 IST" name="closeBrowser" finished-at="2025-07-15T20:24:24 IST" duration-ms="1773" status="PASS">
          <reporter-output>
          </reporter-output>
        </test-method> <!-- closeBrowser -->
      </class> <!-- testCases.ErrorTestScenarios_LoginPage -->
      <class name="testCases.LoginLogoutEndToEnd_TestCases">
        <test-method is-config="true" signature="setup()[pri:0, instance:testCases.LoginLogoutEndToEnd_TestCases@5a7fe64f]" started-at="2025-07-15T20:24:24 IST" name="setup" finished-at="2025-07-15T20:24:30 IST" duration-ms="5116" status="PASS">
          <reporter-output>
          </reporter-output>
        </test-method> <!-- setup -->
        <test-method is-config="true" signature="initPageObjects()[pri:0, instance:testCases.LoginLogoutEndToEnd_TestCases@5a7fe64f]" started-at="2025-07-15T20:24:30 IST" name="initPageObjects" finished-at="2025-07-15T20:24:30 IST" duration-ms="2" status="PASS">
          <reporter-output>
          </reporter-output>
        </test-method> <!-- initPageObjects -->
        <test-method signature="loginToApplication(java.lang.String,java.lang.String)[pri:0, instance:testCases.LoginLogoutEndToEnd_TestCases@5a7fe64f]" started-at="2025-07-15T20:24:30 IST" name="loginToApplication" data-provider="active-user-credentials" finished-at="2025-07-15T20:24:31 IST" duration-ms="1394" status="PASS">
          <params>
            <param index="0">
              <value>
                <![CDATA[standard_user]]>
              </value>
            </param>
            <param index="1">
              <value>
                <![CDATA[secret_sauce]]>
              </value>
            </param>
          </params>
          <reporter-output>
          </reporter-output>
        </test-method> <!-- loginToApplication -->
        <test-method is-config="true" signature="initPageObjects()[pri:0, instance:testCases.LoginLogoutEndToEnd_TestCases@5a7fe64f]" started-at="2025-07-15T20:24:31 IST" name="initPageObjects" finished-at="2025-07-15T20:24:31 IST" duration-ms="3" status="PASS">
          <reporter-output>
          </reporter-output>
        </test-method> <!-- initPageObjects -->
        <test-method signature="verifyProductPageTitle()[pri:1, instance:testCases.LoginLogoutEndToEnd_TestCases@5a7fe64f]" started-at="2025-07-15T20:24:31 IST" name="verifyProductPageTitle" finished-at="2025-07-15T20:24:31 IST" depends-on-methods="testCases.LoginLogoutEndToEnd_TestCases.loginToApplication" duration-ms="76" status="PASS">
          <reporter-output>
          </reporter-output>
        </test-method> <!-- verifyProductPageTitle -->
        <test-method is-config="true" signature="initPageObjects()[pri:0, instance:testCases.LoginLogoutEndToEnd_TestCases@5a7fe64f]" started-at="2025-07-15T20:24:31 IST" name="initPageObjects" finished-at="2025-07-15T20:24:31 IST" duration-ms="5" status="PASS">
          <reporter-output>
          </reporter-output>
        </test-method> <!-- initPageObjects -->
        <test-method signature="verifyDowndownValuesOfSortOnProductsPage()[pri:2, instance:testCases.LoginLogoutEndToEnd_TestCases@5a7fe64f]" started-at="2025-07-15T20:24:31 IST" name="verifyDowndownValuesOfSortOnProductsPage" finished-at="2025-07-15T20:24:31 IST" depends-on-methods="testCases.LoginLogoutEndToEnd_TestCases.loginToApplication" duration-ms="284" status="PASS">
          <reporter-output>
          </reporter-output>
        </test-method> <!-- verifyDowndownValuesOfSortOnProductsPage -->
        <test-method is-config="true" signature="initPageObjects()[pri:0, instance:testCases.LoginLogoutEndToEnd_TestCases@5a7fe64f]" started-at="2025-07-15T20:24:31 IST" name="initPageObjects" finished-at="2025-07-15T20:24:31 IST" duration-ms="4" status="PASS">
          <reporter-output>
          </reporter-output>
        </test-method> <!-- initPageObjects -->
        <test-method signature="selectDowndownValues()[pri:3, instance:testCases.LoginLogoutEndToEnd_TestCases@5a7fe64f]" started-at="2025-07-15T20:24:31 IST" name="selectDowndownValues" finished-at="2025-07-15T20:24:32 IST" depends-on-methods="testCases.LoginLogoutEndToEnd_TestCases.verifyDowndownValuesOfSortOnProductsPage" duration-ms="339" status="PASS">
          <reporter-output>
          </reporter-output>
        </test-method> <!-- selectDowndownValues -->
        <test-method is-config="true" signature="initPageObjects()[pri:0, instance:testCases.LoginLogoutEndToEnd_TestCases@5a7fe64f]" started-at="2025-07-15T20:24:32 IST" name="initPageObjects" finished-at="2025-07-15T20:24:32 IST" duration-ms="7" status="PASS">
          <reporter-output>
          </reporter-output>
        </test-method> <!-- initPageObjects -->
        <test-method signature="logoutFromoApplication()[pri:4, instance:testCases.LoginLogoutEndToEnd_TestCases@5a7fe64f]" started-at="2025-07-15T20:24:32 IST" name="logoutFromoApplication" finished-at="2025-07-15T20:24:32 IST" depends-on-methods="testCases.LoginLogoutEndToEnd_TestCases.loginToApplication" duration-ms="423" status="PASS">
          <reporter-output>
          </reporter-output>
        </test-method> <!-- logoutFromoApplication -->
        <test-method is-config="true" signature="closeBrowser()[pri:0, instance:testCases.LoginLogoutEndToEnd_TestCases@5a7fe64f]" started-at="2025-07-15T20:24:32 IST" name="closeBrowser" finished-at="2025-07-15T20:24:33 IST" duration-ms="755" status="PASS">
          <reporter-output>
          </reporter-output>
        </test-method> <!-- closeBrowser -->
      </class> <!-- testCases.LoginLogoutEndToEnd_TestCases -->
    </test> <!-- Test -->
  </suite> <!-- Suite -->
</testng-results>
